{"numFailedTestSuites":0,"numFailedTests":0,"numPassedTestSuites":34,"numPassedTests":1085,"numPendingTestSuites":0,"numPendingTests":0,"numRuntimeErrorTestSuites":0,"numTodoTests":0,"numTotalTestSuites":34,"numTotalTests":1085,"openHandles":[],"snapshot":{"added":0,"didUpdate":false,"failure":false,"filesAdded":0,"filesRemoved":0,"filesRemovedList":[],"filesUnmatched":0,"filesUpdated":0,"matched":0,"total":0,"unchecked":0,"uncheckedKeysByFile":[],"unmatched":0,"updated":0},"startTime":1769843663560,"success":true,"testResults":[{"assertionResults":[{"ancestorTitles":["NotificationsSection Component","Component Rendering"],"duration":49,"failing":false,"failureDetails":[],"failureMessages":[],"fullName":"NotificationsSection Component Component Rendering renders without crashing","invocations":1,"location":null,"numPassingAsserts":1,"retryReasons":[],"startAt":1769843665598,"status":"passed","title":"renders without crashing"},{"ancestorTitles":["NotificationsSection Component","Component Rendering"],"duration":10,"failing":false,"failureDetails":[],"failureMessages":[],"fullName":"NotificationsSection Component Component Rendering renders with ConfigurationAccordion wrapper","invocations":1,"location":null,"numPassingAsserts":1,"retryReasons":[],"startAt":1769843665648,"status":"passed","title":"renders with ConfigurationAccordion wrapper"},{"ancestorTitles":["NotificationsSection Component","Component Rendering"],"duration":12,"failing":false,"failureDetails":[],"failureMessages":[],"fullName":"NotificationsSection Component Component Rendering renders Apprise link and info text","invocations":1,"location":null,"numPassingAsserts":2,"retryReasons":[],"startAt":1769843665658,"status":"passed","title":"renders Apprise link and info text"},{"ancestorTitles":["NotificationsSection Component","Component Rendering"],"duration":7,"failing":false,"failureDetails":[],"failureMessages":[],"fullName":"NotificationsSection Component Component Rendering displays \"Disabled\" chip when notifications are disabled","invocations":1,"location":null,"numPassingAsserts":1,"retryReasons":[],"startAt":1769843665671,"status":"passed","title":"displays \"Disabled\" chip when notifications are disabled"},{"ancestorTitles":["NotificationsSection Component","Component Rendering"],"duration":25,"failing":false,"failureDetails":[],"failureMessages":[],"fullName":"NotificationsSection Component Component Rendering displays \"Enabled\" chip when notifications are enabled","invocations":1,"location":null,"numPassingAsserts":1,"retryReasons":[],"startAt":1769843665678,"status":"passed","title":"displays \"Enabled\" chip when notifications are enabled"},{"ancestorTitles":["NotificationsSection Component","Component Rendering"],"duration":7,"failing":false,"failureDetails":[],"failureMessages":[],"fullName":"NotificationsSection Component Component Rendering renders notifications header","invocations":1,"location":null,"numPassingAsserts":1,"retryReasons":[],"startAt":1769843665703,"status":"passed","title":"renders notifications header"},{"ancestorTitles":["NotificationsSection Component","Enable Notifications Switch"],"duration":7,"failing":false,"failureDetails":[],"failureMessages":[],"fullName":"NotificationsSection Component Enable Notifications Switch renders Enable Notifications switch","invocations":1,"location":null,"numPassingAsserts":1,"retryReasons":[],"startAt":1769843665710,"status":"passed","title":"renders Enable Notifications switch"},{"ancestorTitles":["NotificationsSection Component","Enable Notifications Switch"],"duration":9,"failing":false,"failureDetails":[],"failureMessages":[],"fullName":"NotificationsSection Component Enable Notifications Switch switch reflects notificationsEnabled state when false","invocations":1,"location":null,"numPassingAsserts":1,"retryReasons":[],"startAt":1769843665717,"status":"passed","title":"switch reflects notificationsEnabled state when false"},{"ancestorTitles":["NotificationsSection Component","Enable Notifications Switch"],"duration":14,"failing":false,"failureDetails":[],"failureMessages":[],"fullName":"NotificationsSection Component Enable Notifications Switch switch reflects notificationsEnabled state when true","invocations":1,"location":null,"numPassingAsserts":1,"retryReasons":[],"startAt":1769843665726,"status":"passed","title":"switch reflects notificationsEnabled state when true"},{"ancestorTitles":["NotificationsSection Component","Enable Notifications Switch"],"duration":55,"failing":false,"failureDetails":[],"failureMessages":[],"fullName":"NotificationsSection Component Enable Notifications Switch calls onConfigChange when switch is toggled on","invocations":1,"location":null,"numPassingAsserts":2,"retryReasons":[],"startAt":1769843665740,"status":"passed","title":"calls onConfigChange when switch is toggled on"},{"ancestorTitles":["NotificationsSection Component","Enable Notifications Switch"],"duration":21,"failing":false,"failureDetails":[],"failureMessages":[],"fullName":"NotificationsSection Component Enable Notifications Switch calls onConfigChange when switch is toggled off","invocations":1,"location":null,"numPassingAsserts":2,"retryReasons":[],"startAt":1769843665795,"status":"passed","title":"calls onConfigChange when switch is toggled off"},{"ancestorTitles":["NotificationsSection Component","Apprise URLs Management - Visibility"],"duration":8,"failing":false,"failureDetails":[],"failureMessages":[],"fullName":"NotificationsSection Component Apprise URLs Management - Visibility does not show URL input field when notifications are disabled","invocations":1,"location":null,"numPassingAsserts":1,"retryReasons":[],"startAt":1769843665816,"status":"passed","title":"does not show URL input field when notifications are disabled"},{"ancestorTitles":["NotificationsSection Component","Apprise URLs Management - Visibility"],"duration":11,"failing":false,"failureDetails":[],"failureMessages":[],"fullName":"NotificationsSection Component Apprise URLs Management - Visibility shows URL input field when notifications are enabled","invocations":1,"location":null,"numPassingAsserts":1,"retryReasons":[],"startAt":1769843665824,"status":"passed","title":"shows URL input field when notifications are enabled"},{"ancestorTitles":["NotificationsSection Component","Apprise URLs Management - Visibility"],"duration":7,"failing":false,"failureDetails":[],"failureMessages":[],"fullName":"NotificationsSection Component Apprise URLs Management - Visibility does not show add service section when notifications are disabled","invocations":1,"location":null,"numPassingAsserts":1,"retryReasons":[],"startAt":1769843665836,"status":"passed","title":"does not show add service section when notifications are disabled"},{"ancestorTitles":["NotificationsSection Component","Apprise URLs Management - Visibility"],"duration":14,"failing":false,"failureDetails":[],"failureMessages":[],"fullName":"NotificationsSection Component Apprise URLs Management - Visibility shows add service section when notifications are enabled","invocations":1,"location":null,"numPassingAsserts":1,"retryReasons":[],"startAt":1769843665843,"status":"passed","title":"shows add service section when notifications are enabled"},{"ancestorTitles":["NotificationsSection Component","Apprise URLs List"],"duration":23,"failing":false,"failureDetails":[],"failureMessages":[],"fullName":"NotificationsSection Component Apprise URLs List displays configured URLs count","invocations":1,"location":null,"numPassingAsserts":2,"retryReasons":[],"startAt":1769843665857,"status":"passed","title":"displays configured URLs count"},{"ancestorTitles":["NotificationsSection Component","Apprise URLs List"],"duration":16,"failing":false,"failureDetails":[],"failureMessages":[],"fullName":"NotificationsSection Component Apprise URLs List displays user-friendly names for known services","invocations":1,"location":null,"numPassingAsserts":2,"retryReasons":[],"startAt":1769843665880,"status":"passed","title":"displays user-friendly names for known services"},{"ancestorTitles":["NotificationsSection Component","Apprise URLs List"],"duration":29,"failing":false,"failureDetails":[],"failureMessages":[],"fullName":"NotificationsSection Component Apprise URLs List shows delete button for each URL","invocations":1,"location":null,"numPassingAsserts":1,"retryReasons":[],"startAt":1769843665897,"status":"passed","title":"shows delete button for each URL"},{"ancestorTitles":["NotificationsSection Component","Apprise URLs List"],"duration":84,"failing":false,"failureDetails":[],"failureMessages":[],"fullName":"NotificationsSection Component Apprise URLs List removes URL when delete button is clicked and confirmed","invocations":1,"location":null,"numPassingAsserts":1,"retryReasons":[],"startAt":1769843665927,"status":"passed","title":"removes URL when delete button is clicked and confirmed"},{"ancestorTitles":["NotificationsSection Component","Adding New URLs"],"duration":154,"failing":false,"failureDetails":[],"failureMessages":[],"fullName":"NotificationsSection Component Adding New URLs adds URL when Add button is clicked","invocations":1,"location":null,"numPassingAsserts":1,"retryReasons":[],"startAt":1769843666011,"status":"passed","title":"adds URL when Add button is clicked"},{"ancestorTitles":["NotificationsSection Component","Adding New URLs"],"duration":86,"failing":false,"failureDetails":[],"failureMessages":[],"fullName":"NotificationsSection Component Adding New URLs adds URL when Enter is pressed","invocations":1,"location":null,"numPassingAsserts":1,"retryReasons":[],"startAt":1769843666165,"status":"passed","title":"adds URL when Enter is pressed"},{"ancestorTitles":["NotificationsSection Component","Adding New URLs"],"duration":20,"failing":false,"failureDetails":[],"failureMessages":[],"fullName":"NotificationsSection Component Adding New URLs shows warning when trying to add empty URL","invocations":1,"location":null,"numPassingAsserts":1,"retryReasons":[],"startAt":1769843666251,"status":"passed","title":"shows warning when trying to add empty URL"},{"ancestorTitles":["NotificationsSection Component","Adding New URLs"],"duration":124,"failing":false,"failureDetails":[],"failureMessages":[],"fullName":"NotificationsSection Component Adding New URLs shows warning when trying to add duplicate URL","invocations":1,"location":null,"numPassingAsserts":1,"retryReasons":[],"startAt":1769843666271,"status":"passed","title":"shows warning when trying to add duplicate URL"},{"ancestorTitles":["NotificationsSection Component","Adding New URLs"],"duration":98,"failing":false,"failureDetails":[],"failureMessages":[],"fullName":"NotificationsSection Component Adding New URLs clears input after successful add","invocations":1,"location":null,"numPassingAsserts":1,"retryReasons":[],"startAt":1769843666395,"status":"passed","title":"clears input after successful add"},{"ancestorTitles":["NotificationsSection Component","Individual Webhook Test Buttons"],"duration":25,"failing":false,"failureDetails":[],"failureMessages":[],"fullName":"NotificationsSection Component Individual Webhook Test Buttons renders test button for each configured webhook","invocations":1,"location":null,"numPassingAsserts":1,"retryReasons":[],"startAt":1769843666493,"status":"passed","title":"renders test button for each configured webhook"},{"ancestorTitles":["NotificationsSection Component","Individual Webhook Test Buttons"],"duration":14,"failing":false,"failureDetails":[],"failureMessages":[],"fullName":"NotificationsSection Component Individual Webhook Test Buttons displays configured webhooks count when webhooks are configured","invocations":1,"location":null,"numPassingAsserts":1,"retryReasons":[],"startAt":1769843666518,"status":"passed","title":"displays configured webhooks count when webhooks are configured"},{"ancestorTitles":["NotificationsSection Component","Individual Webhook Test Buttons"],"duration":38,"failing":false,"failureDetails":[],"failureMessages":[],"fullName":"NotificationsSection Component Individual Webhook Test Buttons sends test notification to single webhook on click","invocations":1,"location":null,"numPassingAsserts":2,"retryReasons":[],"startAt":1769843666532,"status":"passed","title":"sends test notification to single webhook on click"},{"ancestorTitles":["NotificationsSection Component","Individual Webhook Test Buttons"],"duration":39,"failing":false,"failureDetails":[],"failureMessages":[],"fullName":"NotificationsSection Component Individual Webhook Test Buttons shows success message after successful test","invocations":1,"location":null,"numPassingAsserts":1,"retryReasons":[],"startAt":1769843666570,"status":"passed","title":"shows success message after successful test"},{"ancestorTitles":["NotificationsSection Component","Individual Webhook Test Buttons"],"duration":39,"failing":false,"failureDetails":[],"failureMessages":[],"fullName":"NotificationsSection Component Individual Webhook Test Buttons shows error message when test fails","invocations":1,"location":null,"numPassingAsserts":1,"retryReasons":[],"startAt":1769843666609,"status":"passed","title":"shows error message when test fails"},{"ancestorTitles":["NotificationsSection Component","Supported URL Formats"],"duration":11,"failing":false,"failureDetails":[],"failureMessages":[],"fullName":"NotificationsSection Component Supported URL Formats displays supported URL format examples","invocations":1,"location":null,"numPassingAsserts":3,"retryReasons":[],"startAt":1769843666648,"status":"passed","title":"displays supported URL format examples"},{"ancestorTitles":["NotificationsSection Component","InfoTooltip Integration"],"duration":5,"failing":false,"failureDetails":[],"failureMessages":[],"fullName":"NotificationsSection Component InfoTooltip Integration renders section with InfoTooltip support","invocations":1,"location":null,"numPassingAsserts":1,"retryReasons":[],"startAt":1769843666659,"status":"passed","title":"renders section with InfoTooltip support"},{"ancestorTitles":["NotificationsSection Component","InfoTooltip Integration"],"duration":6,"failing":false,"failureDetails":[],"failureMessages":[],"fullName":"NotificationsSection Component InfoTooltip Integration works without onMobileTooltipClick prop","invocations":1,"location":null,"numPassingAsserts":1,"retryReasons":[],"startAt":1769843666665,"status":"passed","title":"works without onMobileTooltipClick prop"},{"ancestorTitles":["NotificationsSection Component","Integration Tests"],"duration":13,"failing":false,"failureDetails":[],"failureMessages":[],"fullName":"NotificationsSection Component Integration Tests enabling notifications shows URL input","invocations":1,"location":null,"numPassingAsserts":2,"retryReasons":[],"startAt":1769843666671,"status":"passed","title":"enabling notifications shows URL input"},{"ancestorTitles":["NotificationsSection Component","Integration Tests"],"duration":15,"failing":false,"failureDetails":[],"failureMessages":[],"fullName":"NotificationsSection Component Integration Tests disabling notifications hides URL input","invocations":1,"location":null,"numPassingAsserts":2,"retryReasons":[],"startAt":1769843666684,"status":"passed","title":"disabling notifications hides URL input"},{"ancestorTitles":["NotificationsSection Component","Accessibility"],"duration":6,"failing":false,"failureDetails":[],"failureMessages":[],"fullName":"NotificationsSection Component Accessibility switch has accessible structure","invocations":1,"location":null,"numPassingAsserts":2,"retryReasons":[],"startAt":1769843666699,"status":"passed","title":"switch has accessible structure"},{"ancestorTitles":["NotificationsSection Component","Accessibility"],"duration":11,"failing":false,"failureDetails":[],"failureMessages":[],"fullName":"NotificationsSection Component Accessibility text input has accessible label","invocations":1,"location":null,"numPassingAsserts":1,"retryReasons":[],"startAt":1769843666705,"status":"passed","title":"text input has accessible label"},{"ancestorTitles":["NotificationsSection Component","Accessibility"],"duration":18,"failing":false,"failureDetails":[],"failureMessages":[],"fullName":"NotificationsSection Component Accessibility add button has accessible text","invocations":1,"location":null,"numPassingAsserts":1,"retryReasons":[],"startAt":1769843666716,"status":"passed","title":"add button has accessible text"},{"ancestorTitles":["NotificationsSection Component","Accessibility"],"duration":7,"failing":false,"failureDetails":[],"failureMessages":[],"fullName":"NotificationsSection Component Accessibility info text is present","invocations":1,"location":null,"numPassingAsserts":2,"retryReasons":[],"startAt":1769843666734,"status":"passed","title":"info text is present"},{"ancestorTitles":["NotificationsSection Component","Accessibility"],"duration":5,"failing":false,"failureDetails":[],"failureMessages":[],"fullName":"NotificationsSection Component Accessibility renders section header text","invocations":1,"location":null,"numPassingAsserts":1,"retryReasons":[],"startAt":1769843666741,"status":"passed","title":"renders section header text"},{"ancestorTitles":["NotificationsSection Component","Accessibility"],"duration":22,"failing":false,"failureDetails":[],"failureMessages":[],"fullName":"NotificationsSection Component Accessibility delete buttons have accessible labels","invocations":1,"location":null,"numPassingAsserts":1,"retryReasons":[],"startAt":1769843666746,"status":"passed","title":"delete buttons have accessible labels"}],"endTime":1769843666772,"message":"","name":"/Users/philipdavis/Repos/Youtarr/client/src/components/Configuration/sections/__tests__/NotificationsSection.test.tsx","startTime":1769843663970,"status":"passed","summary":""},{"assertionResults":[{"ancestorTitles":["VideosPage Component","Desktop View"],"duration":124,"failing":false,"failureDetails":[],"failureMessages":[],"fullName":"VideosPage Component Desktop View renders videos page with title","invocations":1,"location":null,"numPassingAsserts":2,"retryReasons":[],"startAt":1769843672878,"status":"passed","title":"renders videos page with title"},{"ancestorTitles":["VideosPage Component","Desktop View"],"duration":68,"failing":false,"failureDetails":[],"failureMessages":[],"fullName":"VideosPage Component Desktop View fetches and displays videos when token is provided","invocations":1,"location":null,"numPassingAsserts":4,"retryReasons":[],"startAt":1769843673002,"status":"passed","title":"fetches and displays videos when token is provided"},{"ancestorTitles":["VideosPage Component","Desktop View"],"duration":17,"failing":false,"failureDetails":[],"failureMessages":[],"fullName":"VideosPage Component Desktop View does not fetch videos when token is null","invocations":1,"location":null,"numPassingAsserts":1,"retryReasons":[],"startAt":1769843673070,"status":"passed","title":"does not fetch videos when token is null"},{"ancestorTitles":["VideosPage Component","Desktop View"],"duration":51,"failing":false,"failureDetails":[],"failureMessages":[],"fullName":"VideosPage Component Desktop View displays table headers in desktop view","invocations":1,"location":null,"numPassingAsserts":3,"retryReasons":[],"startAt":1769843673087,"status":"passed","title":"displays table headers in desktop view"},{"ancestorTitles":["VideosPage Component","Desktop View"],"duration":139,"failing":false,"failureDetails":[],"failureMessages":[],"fullName":"VideosPage Component Desktop View filters videos by channel name","invocations":1,"location":null,"numPassingAsserts":4,"retryReasons":[],"startAt":1769843673138,"status":"passed","title":"filters videos by channel name"},{"ancestorTitles":["VideosPage Component","Desktop View"],"duration":173,"failing":false,"failureDetails":[],"failureMessages":[],"fullName":"VideosPage Component Desktop View resets filter when \"All\" is selected","invocations":1,"location":null,"numPassingAsserts":5,"retryReasons":[],"startAt":1769843673277,"status":"passed","title":"resets filter when \"All\" is selected"},{"ancestorTitles":["VideosPage Component","Desktop View"],"duration":82,"failing":false,"failureDetails":[],"failureMessages":[],"fullName":"VideosPage Component Desktop View sorts videos by published date","invocations":1,"location":null,"numPassingAsserts":2,"retryReasons":[],"startAt":1769843673450,"status":"passed","title":"sorts videos by published date"},{"ancestorTitles":["VideosPage Component","Desktop View"],"duration":84,"failing":false,"failureDetails":[],"failureMessages":[],"fullName":"VideosPage Component Desktop View sorts videos by added date","invocations":1,"location":null,"numPassingAsserts":2,"retryReasons":[],"startAt":1769843673532,"status":"passed","title":"sorts videos by added date"},{"ancestorTitles":["VideosPage Component","Desktop View"],"duration":159,"failing":false,"failureDetails":[],"failureMessages":[],"fullName":"VideosPage Component Desktop View handles pagination correctly","invocations":1,"location":null,"numPassingAsserts":7,"retryReasons":[],"startAt":1769843673616,"status":"passed","title":"handles pagination correctly"},{"ancestorTitles":["VideosPage Component","Desktop View"],"duration":43,"failing":false,"failureDetails":[],"failureMessages":[],"fullName":"VideosPage Component Desktop View handles image loading errors","invocations":1,"location":null,"numPassingAsserts":2,"retryReasons":[],"startAt":1769843673775,"status":"passed","title":"handles image loading errors"},{"ancestorTitles":["VideosPage Component","Desktop View"],"duration":33,"failing":false,"failureDetails":[],"failureMessages":[],"fullName":"VideosPage Component Desktop View displays video duration when available","invocations":1,"location":null,"numPassingAsserts":2,"retryReasons":[],"startAt":1769843673818,"status":"passed","title":"displays video duration when available"},{"ancestorTitles":["VideosPage Component","Desktop View"],"duration":29,"failing":false,"failureDetails":[],"failureMessages":[],"fullName":"VideosPage Component Desktop View displays \"Unknown\" for missing duration","invocations":1,"location":null,"numPassingAsserts":1,"retryReasons":[],"startAt":1769843673851,"status":"passed","title":"displays \"Unknown\" for missing duration"},{"ancestorTitles":["VideosPage Component","Mobile View"],"duration":31,"failing":false,"failureDetails":[],"failureMessages":[],"fullName":"VideosPage Component Mobile View renders mobile layout without table headers","invocations":1,"location":null,"numPassingAsserts":2,"retryReasons":[],"startAt":1769843673881,"status":"passed","title":"renders mobile layout without table headers"},{"ancestorTitles":["VideosPage Component","Mobile View"],"duration":42,"failing":false,"failureDetails":[],"failureMessages":[],"fullName":"VideosPage Component Mobile View displays filter button in mobile view","invocations":1,"location":null,"numPassingAsserts":1,"retryReasons":[],"startAt":1769843673912,"status":"passed","title":"displays filter button in mobile view"},{"ancestorTitles":["VideosPage Component","Mobile View"],"duration":47,"failing":false,"failureDetails":[],"failureMessages":[],"fullName":"VideosPage Component Mobile View shows 6 videos per page in mobile view","invocations":1,"location":null,"numPassingAsserts":4,"retryReasons":[],"startAt":1769843673955,"status":"passed","title":"shows 6 videos per page in mobile view"},{"ancestorTitles":["VideosPage Component","Mobile View"],"duration":35,"failing":false,"failureDetails":[],"failureMessages":[],"fullName":"VideosPage Component Mobile View displays video information in mobile card format","invocations":1,"location":null,"numPassingAsserts":3,"retryReasons":[],"startAt":1769843674002,"status":"passed","title":"displays video information in mobile card format"},{"ancestorTitles":["VideosPage Component","Mobile View"],"duration":67,"failing":false,"failureDetails":[],"failureMessages":[],"fullName":"VideosPage Component Mobile View handles mobile filter menu interaction","invocations":1,"location":null,"numPassingAsserts":4,"retryReasons":[],"startAt":1769843674037,"status":"passed","title":"handles mobile filter menu interaction"},{"ancestorTitles":["VideosPage Component","Search and File Status Features"],"duration":589,"failing":false,"failureDetails":[],"failureMessages":[],"fullName":"VideosPage Component Search and File Status Features displays search bar and allows searching videos","invocations":1,"location":null,"numPassingAsserts":6,"retryReasons":[],"startAt":1769843674104,"status":"passed","title":"displays search bar and allows searching videos"},{"ancestorTitles":["VideosPage Component","Search and File Status Features"],"duration":44,"failing":false,"failureDetails":[],"failureMessages":[],"fullName":"VideosPage Component Search and File Status Features displays file size information when available","invocations":1,"location":null,"numPassingAsserts":3,"retryReasons":[],"startAt":1769843674693,"status":"passed","title":"displays file size information when available"},{"ancestorTitles":["VideosPage Component","Search and File Status Features"],"duration":37,"failing":false,"failureDetails":[],"failureMessages":[],"fullName":"VideosPage Component Search and File Status Features displays missing file status for removed videos","invocations":1,"location":null,"numPassingAsserts":2,"retryReasons":[],"startAt":1769843674737,"status":"passed","title":"displays missing file status for removed videos"},{"ancestorTitles":["VideosPage Component","Search and File Status Features"],"duration":56,"failing":false,"failureDetails":[],"failureMessages":[],"fullName":"VideosPage Component Search and File Status Features shows total video count in header","invocations":1,"location":null,"numPassingAsserts":1,"retryReasons":[],"startAt":1769843674774,"status":"passed","title":"shows total video count in header"},{"ancestorTitles":["VideosPage Component","Search and File Status Features"],"duration":137,"failing":false,"failureDetails":[],"failureMessages":[],"fullName":"VideosPage Component Search and File Status Features displays loading state during data fetch","invocations":1,"location":null,"numPassingAsserts":3,"retryReasons":[],"startAt":1769843674830,"status":"passed","title":"displays loading state during data fetch"},{"ancestorTitles":["VideosPage Component","Search and File Status Features"],"duration":36,"failing":false,"failureDetails":[],"failureMessages":[],"fullName":"VideosPage Component Search and File Status Features handles videos with no file size information","invocations":1,"location":null,"numPassingAsserts":2,"retryReasons":[],"startAt":1769843674967,"status":"passed","title":"handles videos with no file size information"},{"ancestorTitles":["VideosPage Component","Edge Cases"],"duration":27,"failing":false,"failureDetails":[],"failureMessages":[],"fullName":"VideosPage Component Edge Cases handles empty video list","invocations":1,"location":null,"numPassingAsserts":2,"retryReasons":[],"startAt":1769843675003,"status":"passed","title":"handles empty video list"},{"ancestorTitles":["VideosPage Component","Edge Cases"],"duration":41,"failing":false,"failureDetails":[],"failureMessages":[],"fullName":"VideosPage Component Edge Cases handles API error gracefully","invocations":1,"location":null,"numPassingAsserts":3,"retryReasons":[],"startAt":1769843675030,"status":"passed","title":"handles API error gracefully"},{"ancestorTitles":["VideosPage Component","Edge Cases"],"duration":37,"failing":false,"failureDetails":[],"failureMessages":[],"fullName":"VideosPage Component Edge Cases handles videos without channel names","invocations":1,"location":null,"numPassingAsserts":2,"retryReasons":[],"startAt":1769843675071,"status":"passed","title":"handles videos without channel names"},{"ancestorTitles":["VideosPage Component","Edge Cases"],"duration":194,"failing":false,"failureDetails":[],"failureMessages":[],"fullName":"VideosPage Component Edge Cases handles multiple sort operations","invocations":1,"location":null,"numPassingAsserts":2,"retryReasons":[],"startAt":1769843675108,"status":"passed","title":"handles multiple sort operations"},{"ancestorTitles":["VideosPage Component","Edge Cases"],"duration":264,"failing":false,"failureDetails":[],"failureMessages":[],"fullName":"VideosPage Component Edge Cases resets page to 1 when filter changes","invocations":1,"location":null,"numPassingAsserts":6,"retryReasons":[],"startAt":1769843675302,"status":"passed","title":"resets page to 1 when filter changes"},{"ancestorTitles":["VideosPage Component","Video Deletion Features","Desktop View - Checkbox Selection and Deletion"],"duration":54,"failing":false,"failureDetails":[],"failureMessages":[],"fullName":"VideosPage Component Video Deletion Features Desktop View - Checkbox Selection and Deletion renders checkboxes for video selection in desktop view","invocations":1,"location":null,"numPassingAsserts":2,"retryReasons":[],"startAt":1769843675567,"status":"passed","title":"renders checkboxes for video selection in desktop view"},{"ancestorTitles":["VideosPage Component","Video Deletion Features","Desktop View - Checkbox Selection and Deletion"],"duration":92,"failing":false,"failureDetails":[],"failureMessages":[],"fullName":"VideosPage Component Video Deletion Features Desktop View - Checkbox Selection and Deletion allows selecting and deselecting individual videos","invocations":1,"location":null,"numPassingAsserts":4,"retryReasons":[],"startAt":1769843675621,"status":"passed","title":"allows selecting and deselecting individual videos"},{"ancestorTitles":["VideosPage Component","Video Deletion Features","Desktop View - Checkbox Selection and Deletion"],"duration":78,"failing":false,"failureDetails":[],"failureMessages":[],"fullName":"VideosPage Component Video Deletion Features Desktop View - Checkbox Selection and Deletion select all checkbox selects all non-removed videos","invocations":1,"location":null,"numPassingAsserts":2,"retryReasons":[],"startAt":1769843675713,"status":"passed","title":"select all checkbox selects all non-removed videos"},{"ancestorTitles":["VideosPage Component","Video Deletion Features","Desktop View - Checkbox Selection and Deletion"],"duration":213,"failing":false,"failureDetails":[],"failureMessages":[],"fullName":"VideosPage Component Video Deletion Features Desktop View - Checkbox Selection and Deletion shows delete button when videos are selected","invocations":1,"location":null,"numPassingAsserts":3,"retryReasons":[],"startAt":1769843675791,"status":"passed","title":"shows delete button when videos are selected"},{"ancestorTitles":["VideosPage Component","Video Deletion Features","Desktop View - Checkbox Selection and Deletion"],"duration":100,"failing":false,"failureDetails":[],"failureMessages":[],"fullName":"VideosPage Component Video Deletion Features Desktop View - Checkbox Selection and Deletion clears selection when clear button is clicked","invocations":1,"location":null,"numPassingAsserts":3,"retryReasons":[],"startAt":1769843676004,"status":"passed","title":"clears selection when clear button is clicked"},{"ancestorTitles":["VideosPage Component","Video Deletion Features","Desktop View - Checkbox Selection and Deletion"],"duration":148,"failing":false,"failureDetails":[],"failureMessages":[],"fullName":"VideosPage Component Video Deletion Features Desktop View - Checkbox Selection and Deletion opens delete dialog when delete button is clicked","invocations":1,"location":null,"numPassingAsserts":4,"retryReasons":[],"startAt":1769843676104,"status":"passed","title":"opens delete dialog when delete button is clicked"},{"ancestorTitles":["VideosPage Component","Video Deletion Features","Desktop View - Checkbox Selection and Deletion"],"duration":61,"failing":false,"failureDetails":[],"failureMessages":[],"fullName":"VideosPage Component Video Deletion Features Desktop View - Checkbox Selection and Deletion single video delete button opens dialog with one video","invocations":1,"location":null,"numPassingAsserts":3,"retryReasons":[],"startAt":1769843676253,"status":"passed","title":"single video delete button opens dialog with one video"},{"ancestorTitles":["VideosPage Component","Video Deletion Features","Desktop View - Checkbox Selection and Deletion"],"duration":39,"failing":false,"failureDetails":[],"failureMessages":[],"fullName":"VideosPage Component Video Deletion Features Desktop View - Checkbox Selection and Deletion removed videos cannot be selected","invocations":1,"location":null,"numPassingAsserts":2,"retryReasons":[],"startAt":1769843676315,"status":"passed","title":"removed videos cannot be selected"},{"ancestorTitles":["VideosPage Component","Video Deletion Features","Mobile View - FAB Deletion"],"duration":27,"failing":false,"failureDetails":[],"failureMessages":[],"fullName":"VideosPage Component Video Deletion Features Mobile View - FAB Deletion shows delete icon on video thumbnails in mobile view","invocations":1,"location":null,"numPassingAsserts":2,"retryReasons":[],"startAt":1769843676354,"status":"passed","title":"shows delete icon on video thumbnails in mobile view"},{"ancestorTitles":["VideosPage Component","Video Deletion Features","Mobile View - FAB Deletion"],"duration":48,"failing":false,"failureDetails":[],"failureMessages":[],"fullName":"VideosPage Component Video Deletion Features Mobile View - FAB Deletion toggles video selection when delete icon is clicked in mobile","invocations":1,"location":null,"numPassingAsserts":2,"retryReasons":[],"startAt":1769843676381,"status":"passed","title":"toggles video selection when delete icon is clicked in mobile"},{"ancestorTitles":["VideosPage Component","Video Deletion Features","Mobile View - FAB Deletion"],"duration":50,"failing":false,"failureDetails":[],"failureMessages":[],"fullName":"VideosPage Component Video Deletion Features Mobile View - FAB Deletion shows FAB with badge when videos are selected for deletion in mobile","invocations":1,"location":null,"numPassingAsserts":2,"retryReasons":[],"startAt":1769843676429,"status":"passed","title":"shows FAB with badge when videos are selected for deletion in mobile"},{"ancestorTitles":["VideosPage Component","Video Deletion Features","Delete Confirmation and Execution"],"duration":285,"failing":false,"failureDetails":[],"failureMessages":[],"fullName":"VideosPage Component Video Deletion Features Delete Confirmation and Execution successfully deletes videos and shows success message","invocations":1,"location":null,"numPassingAsserts":4,"retryReasons":[],"startAt":1769843676479,"status":"passed","title":"successfully deletes videos and shows success message"},{"ancestorTitles":["VideosPage Component","Video Deletion Features","Delete Confirmation and Execution"],"duration":219,"failing":false,"failureDetails":[],"failureMessages":[],"fullName":"VideosPage Component Video Deletion Features Delete Confirmation and Execution handles partial deletion failure","invocations":1,"location":null,"numPassingAsserts":2,"retryReasons":[],"startAt":1769843676765,"status":"passed","title":"handles partial deletion failure"},{"ancestorTitles":["VideosPage Component","Video Deletion Features","Delete Confirmation and Execution"],"duration":190,"failing":false,"failureDetails":[],"failureMessages":[],"fullName":"VideosPage Component Video Deletion Features Delete Confirmation and Execution handles complete deletion failure","invocations":1,"location":null,"numPassingAsserts":2,"retryReasons":[],"startAt":1769843676984,"status":"passed","title":"handles complete deletion failure"},{"ancestorTitles":["VideosPage Component","Video Deletion Features","Delete Confirmation and Execution"],"duration":143,"failing":false,"failureDetails":[],"failureMessages":[],"fullName":"VideosPage Component Video Deletion Features Delete Confirmation and Execution cancels deletion when cancel button is clicked","invocations":1,"location":null,"numPassingAsserts":3,"retryReasons":[],"startAt":1769843677174,"status":"passed","title":"cancels deletion when cancel button is clicked"},{"ancestorTitles":["VideosPage Component","Video Deletion Features","Delete Confirmation and Execution"],"duration":174,"failing":false,"failureDetails":[],"failureMessages":[],"fullName":"VideosPage Component Video Deletion Features Delete Confirmation and Execution clears selection after successful deletion","invocations":1,"location":null,"numPassingAsserts":3,"retryReasons":[],"startAt":1769843677317,"status":"passed","title":"clears selection after successful deletion"},{"ancestorTitles":["VideosPage Component","Video Deletion Features","Delete Confirmation and Execution"],"duration":87,"failing":false,"failureDetails":[],"failureMessages":[],"fullName":"VideosPage Component Video Deletion Features Delete Confirmation and Execution disables delete button while deletion is in progress","invocations":1,"location":null,"numPassingAsserts":2,"retryReasons":[],"startAt":1769843677491,"status":"passed","title":"disables delete button while deletion is in progress"},{"ancestorTitles":["VideosPage Component","Video Deletion Features","Snackbar Messages"],"duration":154,"failing":false,"failureDetails":[],"failureMessages":[],"fullName":"VideosPage Component Video Deletion Features Snackbar Messages success snackbar can be dismissed","invocations":1,"location":null,"numPassingAsserts":2,"retryReasons":[],"startAt":1769843677578,"status":"passed","title":"success snackbar can be dismissed"},{"ancestorTitles":["VideosPage Component","Video Deletion Features","Snackbar Messages"],"duration":154,"failing":false,"failureDetails":[],"failureMessages":[],"fullName":"VideosPage Component Video Deletion Features Snackbar Messages error snackbar shows when deletion fails","invocations":1,"location":null,"numPassingAsserts":2,"retryReasons":[],"startAt":1769843677732,"status":"passed","title":"error snackbar shows when deletion fails"}],"endTime":1769843677889,"message":"","name":"/Users/philipdavis/Repos/Youtarr/client/src/components/__tests__/VideosPage.test.tsx","startTime":1769843666780,"status":"passed","summary":""},{"assertionResults":[{"ancestorTitles":["ChannelSettingsDialog","Component Rendering"],"duration":104,"failing":false,"failureDetails":[],"failureMessages":[],"fullName":"ChannelSettingsDialog Component Rendering renders dialog when open is true","invocations":1,"location":null,"numPassingAsserts":2,"retryReasons":[],"startAt":1769843678365,"status":"passed","title":"renders dialog when open is true"},{"ancestorTitles":["ChannelSettingsDialog","Component Rendering"],"duration":1,"failing":false,"failureDetails":[],"failureMessages":[],"fullName":"ChannelSettingsDialog Component Rendering does not render dialog when open is false","invocations":1,"location":null,"numPassingAsserts":1,"retryReasons":[],"startAt":1769843678470,"status":"passed","title":"does not render dialog when open is false"},{"ancestorTitles":["ChannelSettingsDialog","Component Rendering"],"duration":24,"failing":false,"failureDetails":[],"failureMessages":[],"fullName":"ChannelSettingsDialog Component Rendering shows loading spinner while fetching data","invocations":1,"location":null,"numPassingAsserts":1,"retryReasons":[],"startAt":1769843678471,"status":"passed","title":"shows loading spinner while fetching data"},{"ancestorTitles":["ChannelSettingsDialog","Component Rendering"],"duration":104,"failing":false,"failureDetails":[],"failureMessages":[],"fullName":"ChannelSettingsDialog Component Rendering renders all form controls after loading","invocations":1,"location":null,"numPassingAsserts":6,"retryReasons":[],"startAt":1769843678495,"status":"passed","title":"renders all form controls after loading"},{"ancestorTitles":["ChannelSettingsDialog","Data Loading"],"duration":73,"failing":false,"failureDetails":[],"failureMessages":[],"fullName":"ChannelSettingsDialog Data Loading loads channel settings on dialog open","invocations":1,"location":null,"numPassingAsserts":6,"retryReasons":[],"startAt":1769843678600,"status":"passed","title":"loads channel settings on dialog open"},{"ancestorTitles":["ChannelSettingsDialog","Data Loading"],"duration":22,"failing":false,"failureDetails":[],"failureMessages":[],"fullName":"ChannelSettingsDialog Data Loading loads subfolders list","invocations":1,"location":null,"numPassingAsserts":1,"retryReasons":[],"startAt":1769843678673,"status":"passed","title":"loads subfolders list"},{"ancestorTitles":["ChannelSettingsDialog","Data Loading"],"duration":21,"failing":false,"failureDetails":[],"failureMessages":[],"fullName":"ChannelSettingsDialog Data Loading refetches config when dialog opens","invocations":1,"location":null,"numPassingAsserts":1,"retryReasons":[],"startAt":1769843678696,"status":"passed","title":"refetches config when dialog opens"},{"ancestorTitles":["ChannelSettingsDialog","Data Loading"],"duration":24,"failing":false,"failureDetails":[],"failureMessages":[],"fullName":"ChannelSettingsDialog Data Loading shows error when settings load fails","invocations":1,"location":null,"numPassingAsserts":1,"retryReasons":[],"startAt":1769843678717,"status":"passed","title":"shows error when settings load fails"},{"ancestorTitles":["ChannelSettingsDialog","Data Loading"],"duration":23,"failing":false,"failureDetails":[],"failureMessages":[],"fullName":"ChannelSettingsDialog Data Loading handles network errors gracefully","invocations":1,"location":null,"numPassingAsserts":1,"retryReasons":[],"startAt":1769843678741,"status":"passed","title":"handles network errors gracefully"},{"ancestorTitles":["ChannelSettingsDialog","Data Loading"],"duration":27,"failing":false,"failureDetails":[],"failureMessages":[],"fullName":"ChannelSettingsDialog Data Loading continues loading if subfolder fetch fails","invocations":1,"location":null,"numPassingAsserts":2,"retryReasons":[],"startAt":1769843678764,"status":"passed","title":"continues loading if subfolder fetch fails"},{"ancestorTitles":["ChannelSettingsDialog","Video Quality Settings"],"duration":47,"failing":false,"failureDetails":[],"failureMessages":[],"fullName":"ChannelSettingsDialog Video Quality Settings displays quality options in dropdown","invocations":1,"location":null,"numPassingAsserts":7,"retryReasons":[],"startAt":1769843678791,"status":"passed","title":"displays quality options in dropdown"},{"ancestorTitles":["ChannelSettingsDialog","Video Quality Settings"],"duration":69,"failing":false,"failureDetails":[],"failureMessages":[],"fullName":"ChannelSettingsDialog Video Quality Settings changes video quality selection","invocations":1,"location":null,"numPassingAsserts":2,"retryReasons":[],"startAt":1769843678839,"status":"passed","title":"changes video quality selection"},{"ancestorTitles":["ChannelSettingsDialog","Video Quality Settings"],"duration":22,"failing":false,"failureDetails":[],"failureMessages":[],"fullName":"ChannelSettingsDialog Video Quality Settings shows global quality when no channel override","invocations":1,"location":null,"numPassingAsserts":1,"retryReasons":[],"startAt":1769843678908,"status":"passed","title":"shows global quality when no channel override"},{"ancestorTitles":["ChannelSettingsDialog","Video Quality Settings"],"duration":21,"failing":false,"failureDetails":[],"failureMessages":[],"fullName":"ChannelSettingsDialog Video Quality Settings shows channel quality when override is set","invocations":1,"location":null,"numPassingAsserts":1,"retryReasons":[],"startAt":1769843678930,"status":"passed","title":"shows channel quality when override is set"},{"ancestorTitles":["ChannelSettingsDialog","Subfolder Settings"],"duration":27,"failing":false,"failureDetails":[],"failureMessages":[],"fullName":"ChannelSettingsDialog Subfolder Settings renders subfolder autocomplete with existing value","invocations":1,"location":null,"numPassingAsserts":2,"retryReasons":[],"startAt":1769843678951,"status":"passed","title":"renders subfolder autocomplete with existing value"},{"ancestorTitles":["ChannelSettingsDialog","Subfolder Settings"],"duration":389,"failing":false,"failureDetails":[],"failureMessages":[],"fullName":"ChannelSettingsDialog Subfolder Settings allows adding new subfolder via Add Subfolder dialog","invocations":1,"location":null,"numPassingAsserts":4,"retryReasons":[],"startAt":1769843678978,"status":"passed","title":"allows adding new subfolder via Add Subfolder dialog"},{"ancestorTitles":["ChannelSettingsDialog","Subfolder Settings"],"duration":451,"failing":false,"failureDetails":[],"failureMessages":[],"fullName":"ChannelSettingsDialog Subfolder Settings sends clean subfolder name when saving via Add Subfolder","invocations":1,"location":null,"numPassingAsserts":4,"retryReasons":[],"startAt":1769843679367,"status":"passed","title":"sends clean subfolder name when saving via Add Subfolder"},{"ancestorTitles":["ChannelSettingsDialog","Subfolder Settings"],"duration":23,"failing":false,"failureDetails":[],"failureMessages":[],"fullName":"ChannelSettingsDialog Subfolder Settings shows warning about moving folder","invocations":1,"location":null,"numPassingAsserts":1,"retryReasons":[],"startAt":1769843679819,"status":"passed","title":"shows warning about moving folder"},{"ancestorTitles":["ChannelSettingsDialog","Duration Filters"],"duration":68,"failing":false,"failureDetails":[],"failureMessages":[],"fullName":"ChannelSettingsDialog Duration Filters converts seconds to minutes when loading","invocations":1,"location":null,"numPassingAsserts":3,"retryReasons":[],"startAt":1769843679843,"status":"passed","title":"converts seconds to minutes when loading"},{"ancestorTitles":["ChannelSettingsDialog","Duration Filters"],"duration":180,"failing":false,"failureDetails":[],"failureMessages":[],"fullName":"ChannelSettingsDialog Duration Filters converts minutes to seconds when saving","invocations":1,"location":null,"numPassingAsserts":3,"retryReasons":[],"startAt":1769843679911,"status":"passed","title":"converts minutes to seconds when saving"},{"ancestorTitles":["ChannelSettingsDialog","Duration Filters"],"duration":83,"failing":false,"failureDetails":[],"failureMessages":[],"fullName":"ChannelSettingsDialog Duration Filters allows only numeric input for duration","invocations":1,"location":null,"numPassingAsserts":2,"retryReasons":[],"startAt":1769843680091,"status":"passed","title":"allows only numeric input for duration"},{"ancestorTitles":["ChannelSettingsDialog","Duration Filters"],"duration":72,"failing":false,"failureDetails":[],"failureMessages":[],"fullName":"ChannelSettingsDialog Duration Filters clears duration when input is empty","invocations":1,"location":null,"numPassingAsserts":3,"retryReasons":[],"startAt":1769843680174,"status":"passed","title":"clears duration when input is empty"},{"ancestorTitles":["ChannelSettingsDialog","Title Filter Regex"],"duration":68,"failing":false,"failureDetails":[],"failureMessages":[],"fullName":"ChannelSettingsDialog Title Filter Regex renders title filter input","invocations":1,"location":null,"numPassingAsserts":2,"retryReasons":[],"startAt":1769843680247,"status":"passed","title":"renders title filter input"},{"ancestorTitles":["ChannelSettingsDialog","Title Filter Regex"],"duration":161,"failing":false,"failureDetails":[],"failureMessages":[],"fullName":"ChannelSettingsDialog Title Filter Regex updates regex value on input","invocations":1,"location":null,"numPassingAsserts":2,"retryReasons":[],"startAt":1769843680315,"status":"passed","title":"updates regex value on input"},{"ancestorTitles":["ChannelSettingsDialog","Title Filter Regex"],"duration":93,"failing":false,"failureDetails":[],"failureMessages":[],"fullName":"ChannelSettingsDialog Title Filter Regex renders preview button","invocations":1,"location":null,"numPassingAsserts":2,"retryReasons":[],"startAt":1769843680476,"status":"passed","title":"renders preview button"},{"ancestorTitles":["ChannelSettingsDialog","Title Filter Regex"],"duration":85,"failing":false,"failureDetails":[],"failureMessages":[],"fullName":"ChannelSettingsDialog Title Filter Regex disables preview button when no regex entered","invocations":1,"location":null,"numPassingAsserts":2,"retryReasons":[],"startAt":1769843680569,"status":"passed","title":"disables preview button when no regex entered"},{"ancestorTitles":["ChannelSettingsDialog","Title Filter Regex"],"duration":108,"failing":false,"failureDetails":[],"failureMessages":[],"fullName":"ChannelSettingsDialog Title Filter Regex loads preview when button clicked","invocations":1,"location":null,"numPassingAsserts":4,"retryReasons":[],"startAt":1769843680654,"status":"passed","title":"loads preview when button clicked"},{"ancestorTitles":["ChannelSettingsDialog","Title Filter Regex"],"duration":106,"failing":false,"failureDetails":[],"failureMessages":[],"fullName":"ChannelSettingsDialog Title Filter Regex shows error when preview fails","invocations":1,"location":null,"numPassingAsserts":2,"retryReasons":[],"startAt":1769843680762,"status":"passed","title":"shows error when preview fails"},{"ancestorTitles":["ChannelSettingsDialog","Title Filter Regex"],"duration":65,"failing":false,"failureDetails":[],"failureMessages":[],"fullName":"ChannelSettingsDialog Title Filter Regex renders documentation link","invocations":1,"location":null,"numPassingAsserts":4,"retryReasons":[],"startAt":1769843680868,"status":"passed","title":"renders documentation link"},{"ancestorTitles":["ChannelSettingsDialog","Save Functionality"],"duration":106,"failing":false,"failureDetails":[],"failureMessages":[],"fullName":"ChannelSettingsDialog Save Functionality saves settings when save button clicked","invocations":1,"location":null,"numPassingAsserts":2,"retryReasons":[],"startAt":1769843680934,"status":"passed","title":"saves settings when save button clicked"},{"ancestorTitles":["ChannelSettingsDialog","Save Functionality"],"duration":104,"failing":false,"failureDetails":[],"failureMessages":[],"fullName":"ChannelSettingsDialog Save Functionality shows success message after save","invocations":1,"location":null,"numPassingAsserts":2,"retryReasons":[],"startAt":1769843681040,"status":"passed","title":"shows success message after save"},{"ancestorTitles":["ChannelSettingsDialog","Save Functionality"],"duration":105,"failing":false,"failureDetails":[],"failureMessages":[],"fullName":"ChannelSettingsDialog Save Functionality calls onSettingsSaved callback after successful save","invocations":1,"location":null,"numPassingAsserts":2,"retryReasons":[],"startAt":1769843681144,"status":"passed","title":"calls onSettingsSaved callback after successful save"},{"ancestorTitles":["ChannelSettingsDialog","Save Functionality"],"duration":105,"failing":false,"failureDetails":[],"failureMessages":[],"fullName":"ChannelSettingsDialog Save Functionality closes dialog after successful save","invocations":1,"location":null,"numPassingAsserts":3,"retryReasons":[],"startAt":1769843681249,"status":"passed","title":"closes dialog after successful save"},{"ancestorTitles":["ChannelSettingsDialog","Save Functionality"],"duration":106,"failing":false,"failureDetails":[],"failureMessages":[],"fullName":"ChannelSettingsDialog Save Functionality shows error when save fails","invocations":1,"location":null,"numPassingAsserts":2,"retryReasons":[],"startAt":1769843681355,"status":"passed","title":"shows error when save fails"},{"ancestorTitles":["ChannelSettingsDialog","Save Functionality"],"duration":107,"failing":false,"failureDetails":[],"failureMessages":[],"fullName":"ChannelSettingsDialog Save Functionality shows specific error for 409 conflict","invocations":1,"location":null,"numPassingAsserts":2,"retryReasons":[],"startAt":1769843681461,"status":"passed","title":"shows specific error for 409 conflict"},{"ancestorTitles":["ChannelSettingsDialog","Save Functionality"],"duration":45,"failing":false,"failureDetails":[],"failureMessages":[],"fullName":"ChannelSettingsDialog Save Functionality disables save button when no changes made","invocations":1,"location":null,"numPassingAsserts":2,"retryReasons":[],"startAt":1769843681568,"status":"passed","title":"disables save button when no changes made"},{"ancestorTitles":["ChannelSettingsDialog","Save Functionality"],"duration":79,"failing":false,"failureDetails":[],"failureMessages":[],"fullName":"ChannelSettingsDialog Save Functionality enables save button when changes are made","invocations":1,"location":null,"numPassingAsserts":3,"retryReasons":[],"startAt":1769843681614,"status":"passed","title":"enables save button when changes are made"},{"ancestorTitles":["ChannelSettingsDialog","Cancel Functionality"],"duration":50,"failing":false,"failureDetails":[],"failureMessages":[],"fullName":"ChannelSettingsDialog Cancel Functionality closes dialog when cancel button clicked","invocations":1,"location":null,"numPassingAsserts":2,"retryReasons":[],"startAt":1769843681693,"status":"passed","title":"closes dialog when cancel button clicked"},{"ancestorTitles":["ChannelSettingsDialog","Cancel Functionality"],"duration":129,"failing":false,"failureDetails":[],"failureMessages":[],"fullName":"ChannelSettingsDialog Cancel Functionality reverts changes when cancel is clicked","invocations":1,"location":null,"numPassingAsserts":4,"retryReasons":[],"startAt":1769843681743,"status":"passed","title":"reverts changes when cancel is clicked"},{"ancestorTitles":["ChannelSettingsDialog","State Reset on Dialog Close"],"duration":49,"failing":false,"failureDetails":[],"failureMessages":[],"fullName":"ChannelSettingsDialog State Reset on Dialog Close reloads data when dialog reopens","invocations":1,"location":null,"numPassingAsserts":2,"retryReasons":[],"startAt":1769843681872,"status":"passed","title":"reloads data when dialog reopens"},{"ancestorTitles":["ChannelSettingsDialog","Informational Alerts"],"duration":21,"failing":false,"failureDetails":[],"failureMessages":[],"fullName":"ChannelSettingsDialog Informational Alerts renders subfolder organization info","invocations":1,"location":null,"numPassingAsserts":2,"retryReasons":[],"startAt":1769843681921,"status":"passed","title":"renders subfolder organization info"},{"ancestorTitles":["ChannelSettingsDialog","Informational Alerts"],"duration":65,"failing":false,"failureDetails":[],"failureMessages":[],"fullName":"ChannelSettingsDialog Informational Alerts renders duration filters info","invocations":1,"location":null,"numPassingAsserts":2,"retryReasons":[],"startAt":1769843681942,"status":"passed","title":"renders duration filters info"},{"ancestorTitles":["ChannelSettingsDialog","Edge Cases"],"duration":86,"failing":false,"failureDetails":[],"failureMessages":[],"fullName":"ChannelSettingsDialog Edge Cases handles missing onSettingsSaved callback","invocations":1,"location":null,"numPassingAsserts":2,"retryReasons":[],"startAt":1769843682007,"status":"passed","title":"handles missing onSettingsSaved callback"},{"ancestorTitles":["ChannelSettingsDialog","Edge Cases"],"duration":22,"failing":false,"failureDetails":[],"failureMessages":[],"fullName":"ChannelSettingsDialog Edge Cases handles null token","invocations":1,"location":null,"numPassingAsserts":1,"retryReasons":[],"startAt":1769843682093,"status":"passed","title":"handles null token"},{"ancestorTitles":["ChannelSettingsDialog","Edge Cases"],"duration":57,"failing":false,"failureDetails":[],"failureMessages":[],"fullName":"ChannelSettingsDialog Edge Cases closes error alert when close button clicked","invocations":1,"location":null,"numPassingAsserts":2,"retryReasons":[],"startAt":1769843682115,"status":"passed","title":"closes error alert when close button clicked"},{"ancestorTitles":["ChannelSettingsDialog","Edge Cases"],"duration":380,"failing":false,"failureDetails":[],"failureMessages":[],"fullName":"ChannelSettingsDialog Edge Cases handles folderMoved result in response","invocations":1,"location":null,"numPassingAsserts":2,"retryReasons":[],"startAt":1769843682172,"status":"passed","title":"handles folderMoved result in response"}],"endTime":1769843682555,"message":"","name":"/Users/philipdavis/Repos/Youtarr/client/src/components/ChannelPage/__tests__/ChannelSettingsDialog.test.tsx","startTime":1769843677898,"status":"passed","summary":""},{"assertionResults":[{"ancestorTitles":["DownloadSettingsDialog","Rendering"],"duration":58,"failing":false,"failureDetails":[],"failureMessages":[],"fullName":"DownloadSettingsDialog Rendering renders dialog when open is true","invocations":1,"location":null,"numPassingAsserts":2,"retryReasons":[],"startAt":1769843684518,"status":"passed","title":"renders dialog when open is true"},{"ancestorTitles":["DownloadSettingsDialog","Rendering"],"duration":2,"failing":false,"failureDetails":[],"failureMessages":[],"fullName":"DownloadSettingsDialog Rendering does not render dialog when open is false","invocations":1,"location":null,"numPassingAsserts":1,"retryReasons":[],"startAt":1769843684576,"status":"passed","title":"does not render dialog when open is false"},{"ancestorTitles":["DownloadSettingsDialog","Rendering"],"duration":32,"failing":false,"failureDetails":[],"failureMessages":[],"fullName":"DownloadSettingsDialog Rendering renders manual mode alert for single video","invocations":1,"location":null,"numPassingAsserts":1,"retryReasons":[],"startAt":1769843684578,"status":"passed","title":"renders manual mode alert for single video"},{"ancestorTitles":["DownloadSettingsDialog","Rendering"],"duration":25,"failing":false,"failureDetails":[],"failureMessages":[],"fullName":"DownloadSettingsDialog Rendering renders manual mode alert for multiple videos","invocations":1,"location":null,"numPassingAsserts":1,"retryReasons":[],"startAt":1769843684611,"status":"passed","title":"renders manual mode alert for multiple videos"},{"ancestorTitles":["DownloadSettingsDialog","Rendering"],"duration":15,"failing":false,"failureDetails":[],"failureMessages":[],"fullName":"DownloadSettingsDialog Rendering renders channel mode alert","invocations":1,"location":null,"numPassingAsserts":1,"retryReasons":[],"startAt":1769843684636,"status":"passed","title":"renders channel mode alert"},{"ancestorTitles":["DownloadSettingsDialog","Rendering"],"duration":19,"failing":false,"failureDetails":[],"failureMessages":[],"fullName":"DownloadSettingsDialog Rendering renders custom settings toggle","invocations":1,"location":null,"numPassingAsserts":1,"retryReasons":[],"startAt":1769843684651,"status":"passed","title":"renders custom settings toggle"},{"ancestorTitles":["DownloadSettingsDialog","Rendering"],"duration":45,"failing":false,"failureDetails":[],"failureMessages":[],"fullName":"DownloadSettingsDialog Rendering renders re-download toggle when custom settings enabled","invocations":1,"location":null,"numPassingAsserts":1,"retryReasons":[],"startAt":1769843684670,"status":"passed","title":"renders re-download toggle when custom settings enabled"},{"ancestorTitles":["DownloadSettingsDialog","Rendering"],"duration":16,"failing":false,"failureDetails":[],"failureMessages":[],"fullName":"DownloadSettingsDialog Rendering shows summary box with quality info","invocations":1,"location":null,"numPassingAsserts":4,"retryReasons":[],"startAt":1769843684715,"status":"passed","title":"shows summary box with quality info"},{"ancestorTitles":["DownloadSettingsDialog","Rendering"],"duration":17,"failing":false,"failureDetails":[],"failureMessages":[],"fullName":"DownloadSettingsDialog Rendering shows summary box with destination info","invocations":1,"location":null,"numPassingAsserts":2,"retryReasons":[],"startAt":1769843684731,"status":"passed","title":"shows summary box with destination info"},{"ancestorTitles":["DownloadSettingsDialog","Rendering"],"duration":22,"failing":false,"failureDetails":[],"failureMessages":[],"fullName":"DownloadSettingsDialog Rendering renders warning for missing videos when missingVideoCount is 1 in manual mode","invocations":1,"location":null,"numPassingAsserts":1,"retryReasons":[],"startAt":1769843684749,"status":"passed","title":"renders warning for missing videos when missingVideoCount is 1 in manual mode"},{"ancestorTitles":["DownloadSettingsDialog","Rendering"],"duration":20,"failing":false,"failureDetails":[],"failureMessages":[],"fullName":"DownloadSettingsDialog Rendering renders warning for missing videos when missingVideoCount is greater than 1 in manual mode","invocations":1,"location":null,"numPassingAsserts":1,"retryReasons":[],"startAt":1769843684771,"status":"passed","title":"renders warning for missing videos when missingVideoCount is greater than 1 in manual mode"},{"ancestorTitles":["DownloadSettingsDialog","Rendering"],"duration":17,"failing":false,"failureDetails":[],"failureMessages":[],"fullName":"DownloadSettingsDialog Rendering renders warning for missing videos when missingVideoCount is 1 in channel mode","invocations":1,"location":null,"numPassingAsserts":1,"retryReasons":[],"startAt":1769843684791,"status":"passed","title":"renders warning for missing videos when missingVideoCount is 1 in channel mode"},{"ancestorTitles":["DownloadSettingsDialog","Rendering"],"duration":15,"failing":false,"failureDetails":[],"failureMessages":[],"fullName":"DownloadSettingsDialog Rendering renders warning for missing videos when missingVideoCount is greater than 1 in channel mode","invocations":1,"location":null,"numPassingAsserts":1,"retryReasons":[],"startAt":1769843684809,"status":"passed","title":"renders warning for missing videos when missingVideoCount is greater than 1 in channel mode"},{"ancestorTitles":["DownloadSettingsDialog","Rendering"],"duration":19,"failing":false,"failureDetails":[],"failureMessages":[],"fullName":"DownloadSettingsDialog Rendering does not render missing videos warning when missingVideoCount is 0","invocations":1,"location":null,"numPassingAsserts":1,"retryReasons":[],"startAt":1769843684824,"status":"passed","title":"does not render missing videos warning when missingVideoCount is 0"},{"ancestorTitles":["DownloadSettingsDialog","Rendering"],"duration":63,"failing":false,"failureDetails":[],"failureMessages":[],"fullName":"DownloadSettingsDialog Rendering renders resolution dropdown with all options","invocations":1,"location":null,"numPassingAsserts":7,"retryReasons":[],"startAt":1769843684843,"status":"passed","title":"renders resolution dropdown with all options"},{"ancestorTitles":["DownloadSettingsDialog","Rendering"],"duration":26,"failing":false,"failureDetails":[],"failureMessages":[],"fullName":"DownloadSettingsDialog Rendering renders video count field in channel mode when custom settings enabled","invocations":1,"location":null,"numPassingAsserts":2,"retryReasons":[],"startAt":1769843684906,"status":"passed","title":"renders video count field in channel mode when custom settings enabled"},{"ancestorTitles":["DownloadSettingsDialog","Rendering"],"duration":34,"failing":false,"failureDetails":[],"failureMessages":[],"fullName":"DownloadSettingsDialog Rendering does not render video count field in manual mode","invocations":1,"location":null,"numPassingAsserts":2,"retryReasons":[],"startAt":1769843684933,"status":"passed","title":"does not render video count field in manual mode"},{"ancestorTitles":["DownloadSettingsDialog","Rendering"],"duration":29,"failing":false,"failureDetails":[],"failureMessages":[],"fullName":"DownloadSettingsDialog Rendering renders action buttons","invocations":1,"location":null,"numPassingAsserts":3,"retryReasons":[],"startAt":1769843684967,"status":"passed","title":"renders action buttons"},{"ancestorTitles":["DownloadSettingsDialog","Rendering"],"duration":17,"failing":false,"failureDetails":[],"failureMessages":[],"fullName":"DownloadSettingsDialog Rendering renders note about YouTube quality","invocations":1,"location":null,"numPassingAsserts":1,"retryReasons":[],"startAt":1769843684997,"status":"passed","title":"renders note about YouTube quality"},{"ancestorTitles":["DownloadSettingsDialog","Default Values"],"duration":32,"failing":false,"failureDetails":[],"failureMessages":[],"fullName":"DownloadSettingsDialog Default Values uses default resolution of 1080","invocations":1,"location":null,"numPassingAsserts":1,"retryReasons":[],"startAt":1769843685014,"status":"passed","title":"uses default resolution of 1080"},{"ancestorTitles":["DownloadSettingsDialog","Default Values"],"duration":31,"failing":false,"failureDetails":[],"failureMessages":[],"fullName":"DownloadSettingsDialog Default Values uses custom default resolution when provided","invocations":1,"location":null,"numPassingAsserts":1,"retryReasons":[],"startAt":1769843685047,"status":"passed","title":"uses custom default resolution when provided"},{"ancestorTitles":["DownloadSettingsDialog","Default Values"],"duration":25,"failing":false,"failureDetails":[],"failureMessages":[],"fullName":"DownloadSettingsDialog Default Values uses default video count of 3 in channel mode","invocations":1,"location":null,"numPassingAsserts":1,"retryReasons":[],"startAt":1769843685078,"status":"passed","title":"uses default video count of 3 in channel mode"},{"ancestorTitles":["DownloadSettingsDialog","Default Values"],"duration":25,"failing":false,"failureDetails":[],"failureMessages":[],"fullName":"DownloadSettingsDialog Default Values uses custom default video count when provided","invocations":1,"location":null,"numPassingAsserts":1,"retryReasons":[],"startAt":1769843685103,"status":"passed","title":"uses custom default video count when provided"},{"ancestorTitles":["DownloadSettingsDialog","Default Values"],"duration":16,"failing":false,"failureDetails":[],"failureMessages":[],"fullName":"DownloadSettingsDialog Default Values shows summary box with quality when custom settings disabled","invocations":1,"location":null,"numPassingAsserts":2,"retryReasons":[],"startAt":1769843685128,"status":"passed","title":"shows summary box with quality when custom settings disabled"},{"ancestorTitles":["DownloadSettingsDialog","Default Values"],"duration":11,"failing":false,"failureDetails":[],"failureMessages":[],"fullName":"DownloadSettingsDialog Default Values shows summary box with video count in channel mode","invocations":1,"location":null,"numPassingAsserts":3,"retryReasons":[],"startAt":1769843685145,"status":"passed","title":"shows summary box with video count in channel mode"},{"ancestorTitles":["DownloadSettingsDialog","Custom Settings Toggle"],"duration":23,"failing":false,"failureDetails":[],"failureMessages":[],"fullName":"DownloadSettingsDialog Custom Settings Toggle collapses resolution select when custom settings off","invocations":1,"location":null,"numPassingAsserts":1,"retryReasons":[],"startAt":1769843685156,"status":"passed","title":"collapses resolution select when custom settings off"},{"ancestorTitles":["DownloadSettingsDialog","Custom Settings Toggle"],"duration":35,"failing":false,"failureDetails":[],"failureMessages":[],"fullName":"DownloadSettingsDialog Custom Settings Toggle shows resolution select when custom settings on","invocations":1,"location":null,"numPassingAsserts":2,"retryReasons":[],"startAt":1769843685179,"status":"passed","title":"shows resolution select when custom settings on"},{"ancestorTitles":["DownloadSettingsDialog","Custom Settings Toggle"],"duration":18,"failing":false,"failureDetails":[],"failureMessages":[],"fullName":"DownloadSettingsDialog Custom Settings Toggle shows summary box when custom settings off","invocations":1,"location":null,"numPassingAsserts":1,"retryReasons":[],"startAt":1769843685214,"status":"passed","title":"shows summary box when custom settings off"},{"ancestorTitles":["DownloadSettingsDialog","Custom Settings Toggle"],"duration":33,"failing":false,"failureDetails":[],"failureMessages":[],"fullName":"DownloadSettingsDialog Custom Settings Toggle collapses summary box when custom settings on","invocations":1,"location":null,"numPassingAsserts":2,"retryReasons":[],"startAt":1769843685232,"status":"passed","title":"collapses summary box when custom settings on"},{"ancestorTitles":["DownloadSettingsDialog","Custom Settings Toggle"],"duration":27,"failing":false,"failureDetails":[],"failureMessages":[],"fullName":"DownloadSettingsDialog Custom Settings Toggle shows custom settings section when toggle is on","invocations":1,"location":null,"numPassingAsserts":1,"retryReasons":[],"startAt":1769843685265,"status":"passed","title":"shows custom settings section when toggle is on"},{"ancestorTitles":["DownloadSettingsDialog","Resolution Selection"],"duration":150,"failing":false,"failureDetails":[],"failureMessages":[],"fullName":"DownloadSettingsDialog Resolution Selection changes resolution when selection is made","invocations":1,"location":null,"numPassingAsserts":1,"retryReasons":[],"startAt":1769843685292,"status":"passed","title":"changes resolution when selection is made"},{"ancestorTitles":["DownloadSettingsDialog","Resolution Selection"],"duration":65,"failing":false,"failureDetails":[],"failureMessages":[],"fullName":"DownloadSettingsDialog Resolution Selection shows 4K warning when 2160p is selected","invocations":1,"location":null,"numPassingAsserts":1,"retryReasons":[],"startAt":1769843685442,"status":"passed","title":"shows 4K warning when 2160p is selected"},{"ancestorTitles":["DownloadSettingsDialog","Resolution Selection"],"duration":37,"failing":false,"failureDetails":[],"failureMessages":[],"fullName":"DownloadSettingsDialog Resolution Selection does not show 4K warning for other resolutions","invocations":1,"location":null,"numPassingAsserts":1,"retryReasons":[],"startAt":1769843685507,"status":"passed","title":"does not show 4K warning for other resolutions"},{"ancestorTitles":["DownloadSettingsDialog","Video Count Dropdown"],"duration":64,"failing":false,"failureDetails":[],"failureMessages":[],"fullName":"DownloadSettingsDialog Video Count Dropdown allows selecting different video counts","invocations":1,"location":null,"numPassingAsserts":2,"retryReasons":[],"startAt":1769843685544,"status":"passed","title":"allows selecting different video counts"},{"ancestorTitles":["DownloadSettingsDialog","Video Count Dropdown"],"duration":66,"failing":false,"failureDetails":[],"failureMessages":[],"fullName":"DownloadSettingsDialog Video Count Dropdown shows all available options from 1 to 10","invocations":1,"location":null,"numPassingAsserts":11,"retryReasons":[],"startAt":1769843685608,"status":"passed","title":"shows all available options from 1 to 10"},{"ancestorTitles":["DownloadSettingsDialog","Video Count Dropdown"],"duration":49,"failing":false,"failureDetails":[],"failureMessages":[],"fullName":"DownloadSettingsDialog Video Count Dropdown includes current value if greater than 10","invocations":1,"location":null,"numPassingAsserts":4,"retryReasons":[],"startAt":1769843685674,"status":"passed","title":"includes current value if greater than 10"},{"ancestorTitles":["DownloadSettingsDialog","Video Count Dropdown"],"duration":29,"failing":false,"failureDetails":[],"failureMessages":[],"fullName":"DownloadSettingsDialog Video Count Dropdown shows dropdown when custom settings are on","invocations":1,"location":null,"numPassingAsserts":2,"retryReasons":[],"startAt":1769843685723,"status":"passed","title":"shows dropdown when custom settings are on"},{"ancestorTitles":["DownloadSettingsDialog","LocalStorage Integration"],"duration":57,"failing":false,"failureDetails":[],"failureMessages":[],"fullName":"DownloadSettingsDialog LocalStorage Integration saves settings to localStorage on confirm for manual mode","invocations":1,"location":null,"numPassingAsserts":1,"retryReasons":[],"startAt":1769843685753,"status":"passed","title":"saves settings to localStorage on confirm for manual mode"},{"ancestorTitles":["DownloadSettingsDialog","LocalStorage Integration"],"duration":54,"failing":false,"failureDetails":[],"failureMessages":[],"fullName":"DownloadSettingsDialog LocalStorage Integration saves settings to localStorage on confirm for channel mode","invocations":1,"location":null,"numPassingAsserts":1,"retryReasons":[],"startAt":1769843685810,"status":"passed","title":"saves settings to localStorage on confirm for channel mode"},{"ancestorTitles":["DownloadSettingsDialog","Confirm Action"],"duration":56,"failing":false,"failureDetails":[],"failureMessages":[],"fullName":"DownloadSettingsDialog Confirm Action calls onConfirm with settings when custom settings enabled","invocations":1,"location":null,"numPassingAsserts":1,"retryReasons":[],"startAt":1769843685864,"status":"passed","title":"calls onConfirm with settings when custom settings enabled"},{"ancestorTitles":["DownloadSettingsDialog","Confirm Action"],"duration":26,"failing":false,"failureDetails":[],"failureMessages":[],"fullName":"DownloadSettingsDialog Confirm Action calls onConfirm with null when custom settings disabled","invocations":1,"location":null,"numPassingAsserts":1,"retryReasons":[],"startAt":1769843685920,"status":"passed","title":"calls onConfirm with null when custom settings disabled"},{"ancestorTitles":["DownloadSettingsDialog","Confirm Action"],"duration":54,"failing":false,"failureDetails":[],"failureMessages":[],"fullName":"DownloadSettingsDialog Confirm Action includes video count in channel mode","invocations":1,"location":null,"numPassingAsserts":1,"retryReasons":[],"startAt":1769843685946,"status":"passed","title":"includes video count in channel mode"},{"ancestorTitles":["DownloadSettingsDialog","Cancel Action"],"duration":25,"failing":false,"failureDetails":[],"failureMessages":[],"fullName":"DownloadSettingsDialog Cancel Action calls onClose when cancel button clicked","invocations":1,"location":null,"numPassingAsserts":1,"retryReasons":[],"startAt":1769843686000,"status":"passed","title":"calls onClose when cancel button clicked"},{"ancestorTitles":["DownloadSettingsDialog","Cancel Action"],"duration":17,"failing":false,"failureDetails":[],"failureMessages":[],"fullName":"DownloadSettingsDialog Cancel Action calls onClose when dialog backdrop clicked","invocations":1,"location":null,"numPassingAsserts":1,"retryReasons":[],"startAt":1769843686025,"status":"passed","title":"calls onClose when dialog backdrop clicked"},{"ancestorTitles":["DownloadSettingsDialog","Cancel Action"],"duration":83,"failing":false,"failureDetails":[],"failureMessages":[],"fullName":"DownloadSettingsDialog Cancel Action calls onClose when canceled after interaction","invocations":1,"location":null,"numPassingAsserts":3,"retryReasons":[],"startAt":1769843686042,"status":"passed","title":"calls onClose when canceled after interaction"},{"ancestorTitles":["DownloadSettingsDialog","Re-download Functionality"],"duration":42,"failing":false,"failureDetails":[],"failureMessages":[],"fullName":"DownloadSettingsDialog Re-download Functionality auto-checks re-download toggle when missing videos are present","invocations":1,"location":null,"numPassingAsserts":1,"retryReasons":[],"startAt":1769843686126,"status":"passed","title":"auto-checks re-download toggle when missing videos are present"},{"ancestorTitles":["DownloadSettingsDialog","Re-download Functionality"],"duration":36,"failing":false,"failureDetails":[],"failureMessages":[],"fullName":"DownloadSettingsDialog Re-download Functionality does not auto-check re-download toggle when no missing videos","invocations":1,"location":null,"numPassingAsserts":1,"retryReasons":[],"startAt":1769843686168,"status":"passed","title":"does not auto-check re-download toggle when no missing videos"},{"ancestorTitles":["DownloadSettingsDialog","Re-download Functionality"],"duration":52,"failing":false,"failureDetails":[],"failureMessages":[],"fullName":"DownloadSettingsDialog Re-download Functionality calls onConfirm with allowRedownload true when toggle is checked","invocations":1,"location":null,"numPassingAsserts":1,"retryReasons":[],"startAt":1769843686205,"status":"passed","title":"calls onConfirm with allowRedownload true when toggle is checked"},{"ancestorTitles":["DownloadSettingsDialog","Re-download Functionality"],"duration":52,"failing":false,"failureDetails":[],"failureMessages":[],"fullName":"DownloadSettingsDialog Re-download Functionality calls onConfirm with settings when custom settings enabled","invocations":1,"location":null,"numPassingAsserts":1,"retryReasons":[],"startAt":1769843686257,"status":"passed","title":"calls onConfirm with settings when custom settings enabled"},{"ancestorTitles":["DownloadSettingsDialog","Re-download Functionality"],"duration":52,"failing":false,"failureDetails":[],"failureMessages":[],"fullName":"DownloadSettingsDialog Re-download Functionality saves allowRedownload state to localStorage","invocations":1,"location":null,"numPassingAsserts":1,"retryReasons":[],"startAt":1769843686309,"status":"passed","title":"saves allowRedownload state to localStorage"},{"ancestorTitles":["DownloadSettingsDialog","Re-download Functionality"],"duration":43,"failing":false,"failureDetails":[],"failureMessages":[],"fullName":"DownloadSettingsDialog Re-download Functionality marks user as having interacted when changing re-download toggle","invocations":1,"location":null,"numPassingAsserts":1,"retryReasons":[],"startAt":1769843686361,"status":"passed","title":"marks user as having interacted when changing re-download toggle"},{"ancestorTitles":["DownloadSettingsDialog","State Management"],"duration":79,"failing":false,"failureDetails":[],"failureMessages":[],"fullName":"DownloadSettingsDialog State Management resets state when dialog is closed and reopened","invocations":1,"location":null,"numPassingAsserts":4,"retryReasons":[],"startAt":1769843686404,"status":"passed","title":"resets state when dialog is closed and reopened"},{"ancestorTitles":["DownloadSettingsDialog","State Management"],"duration":25,"failing":false,"failureDetails":[],"failureMessages":[],"fullName":"DownloadSettingsDialog State Management preserves quality in summary when dialog reopens","invocations":1,"location":null,"numPassingAsserts":4,"retryReasons":[],"startAt":1769843686484,"status":"passed","title":"preserves quality in summary when dialog reopens"},{"ancestorTitles":["DownloadSettingsDialog","State Management"],"duration":91,"failing":false,"failureDetails":[],"failureMessages":[],"fullName":"DownloadSettingsDialog State Management auto-enables redownload toggle again when reopened with missing videos","invocations":1,"location":null,"numPassingAsserts":3,"retryReasons":[],"startAt":1769843686509,"status":"passed","title":"auto-enables redownload toggle again when reopened with missing videos"},{"ancestorTitles":["DownloadSettingsDialog","Edge Cases"],"duration":15,"failing":false,"failureDetails":[],"failureMessages":[],"fullName":"DownloadSettingsDialog Edge Cases handles undefined videoCount in manual mode","invocations":1,"location":null,"numPassingAsserts":1,"retryReasons":[],"startAt":1769843686600,"status":"passed","title":"handles undefined videoCount in manual mode"},{"ancestorTitles":["DownloadSettingsDialog","Edge Cases"],"duration":34,"failing":false,"failureDetails":[],"failureMessages":[],"fullName":"DownloadSettingsDialog Edge Cases handles missing resolution in RESOLUTION_OPTIONS","invocations":1,"location":null,"numPassingAsserts":2,"retryReasons":[],"startAt":1769843686615,"status":"passed","title":"handles missing resolution in RESOLUTION_OPTIONS"},{"ancestorTitles":["DownloadSettingsDialog","Edge Cases"],"duration":26,"failing":false,"failureDetails":[],"failureMessages":[],"fullName":"DownloadSettingsDialog Edge Cases handles localStorage being unavailable","invocations":1,"location":null,"numPassingAsserts":2,"retryReasons":[],"startAt":1769843686649,"status":"passed","title":"handles localStorage being unavailable"},{"ancestorTitles":["DownloadSettingsDialog","Edge Cases"],"duration":33,"failing":false,"failureDetails":[],"failureMessages":[],"fullName":"DownloadSettingsDialog Edge Cases marks user as having interacted when toggling custom settings","i
[...]
713502,"status":"passed","title":"throws default error message when no error in payload"},{"ancestorTitles":["useAutoRemovalDryRun","Error Handling"],"duration":1,"failing":false,"failureDetails":[],"failureMessages":[],"fullName":"useAutoRemovalDryRun Error Handling throws error when json parsing fails","invocations":1,"location":null,"numPassingAsserts":1,"retryReasons":[],"startAt":1769843713503,"status":"passed","title":"throws error when json parsing fails"},{"ancestorTitles":["useAutoRemovalDryRun","Error Handling"],"duration":1,"failing":false,"failureDetails":[],"failureMessages":[],"fullName":"useAutoRemovalDryRun Error Handling handles 401 Unauthorized error","invocations":1,"location":null,"numPassingAsserts":1,"retryReasons":[],"startAt":1769843713504,"status":"passed","title":"handles 401 Unauthorized error"},{"ancestorTitles":["useAutoRemovalDryRun","Error Handling"],"duration":0,"failing":false,"failureDetails":[],"failureMessages":[],"fullName":"useAutoRemovalDryRun Error Handling handles 403 Forbidden error","invocations":1,"location":null,"numPassingAsserts":1,"retryReasons":[],"startAt":1769843713505,"status":"passed","title":"handles 403 Forbidden error"},{"ancestorTitles":["useAutoRemovalDryRun","Error Handling"],"duration":0,"failing":false,"failureDetails":[],"failureMessages":[],"fullName":"useAutoRemovalDryRun Error Handling handles network error","invocations":1,"location":null,"numPassingAsserts":1,"retryReasons":[],"startAt":1769843713506,"status":"passed","title":"handles network error"},{"ancestorTitles":["useAutoRemovalDryRun","Different Configuration Scenarios"],"duration":1,"failing":false,"failureDetails":[],"failureMessages":[],"fullName":"useAutoRemovalDryRun Different Configuration Scenarios handles disabled auto removal","invocations":1,"location":null,"numPassingAsserts":1,"retryReasons":[],"startAt":1769843713506,"status":"passed","title":"handles disabled auto removal"},{"ancestorTitles":["useAutoRemovalDryRun","Different Configuration Scenarios"],"duration":1,"failing":false,"failureDetails":[],"failureMessages":[],"fullName":"useAutoRemovalDryRun Different Configuration Scenarios handles only age threshold set","invocations":1,"location":null,"numPassingAsserts":2,"retryReasons":[],"startAt":1769843713507,"status":"passed","title":"handles only age threshold set"},{"ancestorTitles":["useAutoRemovalDryRun","Different Configuration Scenarios"],"duration":1,"failing":false,"failureDetails":[],"failureMessages":[],"fullName":"useAutoRemovalDryRun Different Configuration Scenarios handles only space threshold set","invocations":1,"location":null,"numPassingAsserts":2,"retryReasons":[],"startAt":1769843713508,"status":"passed","title":"handles only space threshold set"},{"ancestorTitles":["useAutoRemovalDryRun","Different Configuration Scenarios"],"duration":2,"failing":false,"failureDetails":[],"failureMessages":[],"fullName":"useAutoRemovalDryRun Different Configuration Scenarios handles large threshold values","invocations":1,"location":null,"numPassingAsserts":2,"retryReasons":[],"startAt":1769843713509,"status":"passed","title":"handles large threshold values"},{"ancestorTitles":["useAutoRemovalDryRun","Response Data Validation"],"duration":0,"failing":false,"failureDetails":[],"failureMessages":[],"fullName":"useAutoRemovalDryRun Response Data Validation handles response with no videos to remove","invocations":1,"location":null,"numPassingAsserts":3,"retryReasons":[],"startAt":1769843713512,"status":"passed","title":"handles response with no videos to remove"},{"ancestorTitles":["useAutoRemovalDryRun","Response Data Validation"],"duration":1,"failing":false,"failureDetails":[],"failureMessages":[],"fullName":"useAutoRemovalDryRun Response Data Validation handles response with errors array","invocations":1,"location":null,"numPassingAsserts":4,"retryReasons":[],"startAt":1769843713512,"status":"passed","title":"handles response with errors array"},{"ancestorTitles":["useAutoRemovalDryRun","Response Data Validation"],"duration":1,"failing":false,"failureDetails":[],"failureMessages":[],"fullName":"useAutoRemovalDryRun Response Data Validation handles response with multiple sample videos","invocations":1,"location":null,"numPassingAsserts":4,"retryReasons":[],"startAt":1769843713513,"status":"passed","title":"handles response with multiple sample videos"},{"ancestorTitles":["useAutoRemovalDryRun","Hook Stability"],"duration":1,"failing":false,"failureDetails":[],"failureMessages":[],"fullName":"useAutoRemovalDryRun Hook Stability runDryRun function reference remains stable","invocations":1,"location":null,"numPassingAsserts":1,"retryReasons":[],"startAt":1769843713514,"status":"passed","title":"runDryRun function reference remains stable"},{"ancestorTitles":["useAutoRemovalDryRun","Hook Stability"],"duration":1,"failing":false,"failureDetails":[],"failureMessages":[],"fullName":"useAutoRemovalDryRun Hook Stability runDryRun updates when token changes","invocations":1,"location":null,"numPassingAsserts":1,"retryReasons":[],"startAt":1769843713515,"status":"passed","title":"runDryRun updates when token changes"},{"ancestorTitles":["useAutoRemovalDryRun","Hook Stability"],"duration":0,"failing":false,"failureDetails":[],"failureMessages":[],"fullName":"useAutoRemovalDryRun Hook Stability can be called multiple times sequentially","invocations":1,"location":null,"numPassingAsserts":1,"retryReasons":[],"startAt":1769843713516,"status":"passed","title":"can be called multiple times sequentially"},{"ancestorTitles":["useAutoRemovalDryRun","Edge Cases"],"duration":1,"failing":false,"failureDetails":[],"failureMessages":[],"fullName":"useAutoRemovalDryRun Edge Cases handles special characters in threshold values","invocations":1,"location":null,"numPassingAsserts":2,"retryReasons":[],"startAt":1769843713516,"status":"passed","title":"handles special characters in threshold values"},{"ancestorTitles":["useAutoRemovalDryRun","Edge Cases"],"duration":1,"failing":false,"failureDetails":[],"failureMessages":[],"fullName":"useAutoRemovalDryRun Edge Cases handles null simulationTotals in response","invocations":1,"location":null,"numPassingAsserts":1,"retryReasons":[],"startAt":1769843713517,"status":"passed","title":"handles null simulationTotals in response"},{"ancestorTitles":["useAutoRemovalDryRun","Edge Cases"],"duration":0,"failing":false,"failureDetails":[],"failureMessages":[],"fullName":"useAutoRemovalDryRun Edge Cases handles response with storage status","invocations":1,"location":null,"numPassingAsserts":4,"retryReasons":[],"startAt":1769843713518,"status":"passed","title":"handles response with storage status"}],"endTime":1769843713520,"message":"","name":"/Users/philipdavis/Repos/Youtarr/client/src/components/Configuration/hooks/useAutoRemovalDryRun.test.ts","startTime":1769843713417,"status":"passed","summary":""},{"assertionResults":[{"ancestorTitles":["useChannelVideoFilters","Initial State"],"duration":2,"failing":false,"failureDetails":[],"failureMessages":[],"fullName":"useChannelVideoFilters Initial State returns default filter values","invocations":1,"location":null,"numPassingAsserts":5,"retryReasons":[],"startAt":1769843713589,"status":"passed","title":"returns default filter values"},{"ancestorTitles":["useChannelVideoFilters","Duration Filters with Debouncing"],"duration":1,"failing":false,"failureDetails":[],"failureMessages":[],"fullName":"useChannelVideoFilters Duration Filters with Debouncing updates inputMinDuration immediately but debounces filter update","invocations":1,"location":null,"numPassingAsserts":3,"retryReasons":[],"startAt":1769843713592,"status":"passed","title":"updates inputMinDuration immediately but debounces filter update"},{"ancestorTitles":["useChannelVideoFilters","Duration Filters with Debouncing"],"duration":1,"failing":false,"failureDetails":[],"failureMessages":[],"fullName":"useChannelVideoFilters Duration Filters with Debouncing updates inputMaxDuration immediately but debounces filter update","invocations":1,"location":null,"numPassingAsserts":3,"retryReasons":[],"startAt":1769843713593,"status":"passed","title":"updates inputMaxDuration immediately but debounces filter update"},{"ancestorTitles":["useChannelVideoFilters","Duration Filters with Debouncing"],"duration":1,"failing":false,"failureDetails":[],"failureMessages":[],"fullName":"useChannelVideoFilters Duration Filters with Debouncing cancels previous debounce when setting new duration value","invocations":1,"location":null,"numPassingAsserts":3,"retryReasons":[],"startAt":1769843713594,"status":"passed","title":"cancels previous debounce when setting new duration value"},{"ancestorTitles":["useChannelVideoFilters","Date Filters"],"duration":1,"failing":false,"failureDetails":[],"failureMessages":[],"fullName":"useChannelVideoFilters Date Filters updates dateFrom immediately without debouncing","invocations":1,"location":null,"numPassingAsserts":1,"retryReasons":[],"startAt":1769843713595,"status":"passed","title":"updates dateFrom immediately without debouncing"},{"ancestorTitles":["useChannelVideoFilters","Date Filters"],"duration":5,"failing":false,"failureDetails":[],"failureMessages":[],"fullName":"useChannelVideoFilters Date Filters updates dateTo immediately without debouncing","invocations":1,"location":null,"numPassingAsserts":1,"retryReasons":[],"startAt":1769843713596,"status":"passed","title":"updates dateTo immediately without debouncing"},{"ancestorTitles":["useChannelVideoFilters","clearAllFilters"],"duration":1,"failing":false,"failureDetails":[],"failureMessages":[],"fullName":"useChannelVideoFilters clearAllFilters clears all filter values and input states","invocations":1,"location":null,"numPassingAsserts":5,"retryReasons":[],"startAt":1769843713601,"status":"passed","title":"clears all filter values and input states"},{"ancestorTitles":["useChannelVideoFilters","clearAllFilters"],"duration":1,"failing":false,"failureDetails":[],"failureMessages":[],"fullName":"useChannelVideoFilters clearAllFilters cancels pending debounce timers when clearing","invocations":1,"location":null,"numPassingAsserts":2,"retryReasons":[],"startAt":1769843713602,"status":"passed","title":"cancels pending debounce timers when clearing"},{"ancestorTitles":["useChannelVideoFilters","hasActiveFilters"],"duration":1,"failing":false,"failureDetails":[],"failureMessages":[],"fullName":"useChannelVideoFilters hasActiveFilters returns true when minDuration is set","invocations":1,"location":null,"numPassingAsserts":1,"retryReasons":[],"startAt":1769843713604,"status":"passed","title":"returns true when minDuration is set"},{"ancestorTitles":["useChannelVideoFilters","hasActiveFilters"],"duration":1,"failing":false,"failureDetails":[],"failureMessages":[],"fullName":"useChannelVideoFilters hasActiveFilters returns true when maxDuration is set","invocations":1,"location":null,"numPassingAsserts":1,"retryReasons":[],"startAt":1769843713605,"status":"passed","title":"returns true when maxDuration is set"},{"ancestorTitles":["useChannelVideoFilters","hasActiveFilters"],"duration":1,"failing":false,"failureDetails":[],"failureMessages":[],"fullName":"useChannelVideoFilters hasActiveFilters returns true when dateFrom is set","invocations":1,"location":null,"numPassingAsserts":1,"retryReasons":[],"startAt":1769843713606,"status":"passed","title":"returns true when dateFrom is set"},{"ancestorTitles":["useChannelVideoFilters","hasActiveFilters"],"duration":1,"failing":false,"failureDetails":[],"failureMessages":[],"fullName":"useChannelVideoFilters hasActiveFilters returns true when dateTo is set","invocations":1,"location":null,"numPassingAsserts":1,"retryReasons":[],"startAt":1769843713607,"status":"passed","title":"returns true when dateTo is set"},{"ancestorTitles":["useChannelVideoFilters","activeFilterCount"],"duration":1,"failing":false,"failureDetails":[],"failureMessages":[],"fullName":"useChannelVideoFilters activeFilterCount counts duration as one filter even with both min and max","invocations":1,"location":null,"numPassingAsserts":1,"retryReasons":[],"startAt":1769843713608,"status":"passed","title":"counts duration as one filter even with both min and max"},{"ancestorTitles":["useChannelVideoFilters","activeFilterCount"],"duration":0,"failing":false,"failureDetails":[],"failureMessages":[],"fullName":"useChannelVideoFilters activeFilterCount counts date range as one filter even with both from and to","invocations":1,"location":null,"numPassingAsserts":1,"retryReasons":[],"startAt":1769843713609,"status":"passed","title":"counts date range as one filter even with both from and to"},{"ancestorTitles":["useChannelVideoFilters","activeFilterCount"],"duration":1,"failing":false,"failureDetails":[],"failureMessages":[],"fullName":"useChannelVideoFilters activeFilterCount returns 2 when both duration and date filters are active","invocations":1,"location":null,"numPassingAsserts":1,"retryReasons":[],"startAt":1769843713609,"status":"passed","title":"returns 2 when both duration and date filters are active"},{"ancestorTitles":["useChannelVideoFilters","activeFilterCount"],"duration":1,"failing":false,"failureDetails":[],"failureMessages":[],"fullName":"useChannelVideoFilters activeFilterCount returns 0 when no filters are active","invocations":1,"location":null,"numPassingAsserts":1,"retryReasons":[],"startAt":1769843713610,"status":"passed","title":"returns 0 when no filters are active"},{"ancestorTitles":["useChannelVideoFilters","Cleanup on Unmount"],"duration":1,"failing":false,"failureDetails":[],"failureMessages":[],"fullName":"useChannelVideoFilters Cleanup on Unmount clears pending timers on unmount","invocations":1,"location":null,"numPassingAsserts":0,"retryReasons":[],"startAt":1769843713613,"status":"passed","title":"clears pending timers on unmount"}],"endTime":1769843713616,"message":"","name":"/Users/philipdavis/Repos/Youtarr/client/src/components/ChannelPage/hooks/__tests__/useChannelVideoFilters.test.ts","startTime":1769843713524,"status":"passed","summary":""},{"assertionResults":[{"ancestorTitles":["validateProxyUrl"],"duration":1,"failing":false,"failureDetails":[],"failureMessages":[],"fullName":"validateProxyUrl returns null for empty or whitespace-only values","invocations":1,"location":null,"numPassingAsserts":1,"retryReasons":[],"startAt":1769843713682,"status":"passed","title":"returns null for empty or whitespace-only values"},{"ancestorTitles":["validateProxyUrl"],"duration":1,"failing":false,"failureDetails":[],"failureMessages":[],"fullName":"validateProxyUrl accepts supported protocols with optional auth and path","invocations":1,"location":null,"numPassingAsserts":1,"retryReasons":[],"startAt":1769843713683,"status":"passed","title":"accepts supported protocols with optional auth and path"},{"ancestorTitles":["validateProxyUrl"],"duration":0,"failing":false,"failureDetails":[],"failureMessages":[],"fullName":"validateProxyUrl rejects unsupported proxy protocols","invocations":1,"location":null,"numPassingAsserts":1,"retryReasons":[],"startAt":1769843713684,"status":"passed","title":"rejects unsupported proxy protocols"},{"ancestorTitles":["validateProxyUrl"],"duration":1,"failing":false,"failureDetails":[],"failureMessages":[],"fullName":"validateProxyUrl rejects proxies that fail URL parsing despite matching the regex","invocations":1,"location":null,"numPassingAsserts":1,"retryReasons":[],"startAt":1769843713684,"status":"passed","title":"rejects proxies that fail URL parsing despite matching the regex"},{"ancestorTitles":["validateConfig"],"duration":0,"failing":false,"failureDetails":[],"failureMessages":[],"fullName":"validateConfig requires at least one automatic removal threshold when the feature is enabled","invocations":1,"location":null,"numPassingAsserts":1,"retryReasons":[],"startAt":1769843713685,"status":"passed","title":"requires at least one automatic removal threshold when the feature is enabled"},{"ancestorTitles":["validateConfig"],"duration":1,"failing":false,"failureDetails":[],"failureMessages":[],"fullName":"validateConfig passes when an automatic removal threshold is configured","invocations":1,"location":null,"numPassingAsserts":1,"retryReasons":[],"startAt":1769843713685,"status":"passed","title":"passes when an automatic removal threshold is configured"},{"ancestorTitles":["validateConfig"],"duration":0,"failing":false,"failureDetails":[],"failureMessages":[],"fullName":"validateConfig returns proxy validation errors surfaced by validateProxyUrl","invocations":1,"location":null,"numPassingAsserts":1,"retryReasons":[],"startAt":1769843713686,"status":"passed","title":"returns proxy validation errors surfaced by validateProxyUrl"},{"ancestorTitles":["validateConfig"],"duration":0,"failing":false,"failureDetails":[],"failureMessages":[],"fullName":"validateConfig ignores proxy validation when the field only contains whitespace","invocations":1,"location":null,"numPassingAsserts":1,"retryReasons":[],"startAt":1769843713686,"status":"passed","title":"ignores proxy validation when the field only contains whitespace"}],"endTime":1769843713687,"message":"","name":"/Users/philipdavis/Repos/Youtarr/client/src/components/Configuration/utils/configValidation.test.ts","startTime":1769843713621,"status":"passed","summary":""},{"assertionResults":[{"ancestorTitles":["formatDuration"],"duration":1,"failing":false,"failureDetails":[],"failureMessages":[],"fullName":"formatDuration returns Unknown when duration is null","invocations":1,"location":null,"numPassingAsserts":1,"retryReasons":[],"startAt":1769843713751,"status":"passed","title":"returns Unknown when duration is null"},{"ancestorTitles":["formatDuration"],"duration":0,"failing":false,"failureDetails":[],"failureMessages":[],"fullName":"formatDuration returns Unknown when duration is zero","invocations":1,"location":null,"numPassingAsserts":1,"retryReasons":[],"startAt":1769843713752,"status":"passed","title":"returns Unknown when duration is zero"},{"ancestorTitles":["formatDuration"],"duration":1,"failing":false,"failureDetails":[],"failureMessages":[],"fullName":"formatDuration formats durations shorter than an hour as minutes","invocations":1,"location":null,"numPassingAsserts":1,"retryReasons":[],"startAt":1769843713752,"status":"passed","title":"formats durations shorter than an hour as minutes"},{"ancestorTitles":["formatDuration"],"duration":0,"failing":false,"failureDetails":[],"failureMessages":[],"fullName":"formatDuration formats durations longer than an hour with hours and minutes","invocations":1,"location":null,"numPassingAsserts":1,"retryReasons":[],"startAt":1769843713753,"status":"passed","title":"formats durations longer than an hour with hours and minutes"},{"ancestorTitles":["formatYTDate"],"duration":0,"failing":false,"failureDetails":[],"failureMessages":[],"fullName":"formatYTDate returns Unknown when date is null","invocations":1,"location":null,"numPassingAsserts":1,"retryReasons":[],"startAt":1769843713753,"status":"passed","title":"returns Unknown when date is null"},{"ancestorTitles":["formatYTDate"],"duration":0,"failing":false,"failureDetails":[],"failureMessages":[],"fullName":"formatYTDate formats a date string by removing leading zeros from month and day","invocations":1,"location":null,"numPassingAsserts":1,"retryReasons":[],"startAt":1769843713754,"status":"passed","title":"formats a date string by removing leading zeros from month and day"},{"ancestorTitles":["formatYTDate"],"duration":0,"failing":false,"failureDetails":[],"failureMessages":[],"fullName":"formatYTDate keeps double-digit months intact","invocations":1,"location":null,"numPassingAsserts":1,"retryReasons":[],"startAt":1769843713754,"status":"passed","title":"keeps double-digit months intact"}],"endTime":1769843713756,"message":"","name":"/Users/philipdavis/Repos/Youtarr/client/src/__tests__/utils.test.ts","startTime":1769843713692,"status":"passed","summary":""}],"wasInterrupted":false}
